<?xml version="1.0" encoding="UTF-8"?>
<testsuite xmlns:xsi="http://www.w3.org/2001/XMLSchema-instance" xsi:noNamespaceSchemaLocation="https://maven.apache.org/surefire/maven-surefire-plugin/xsd/surefire-test-report-3.0.xsd" version="3.0" name="Runners.TestRunner" time="772.751" tests="16" errors="0" skipped="0" failures="3">
  <properties>
[...]
</properties>
  <testcase name="runScenario[&quot;User register with valid data&quot;, &quot;User could register in with valid data successfully&quot;](1)" classname="Runners.TestRunner" time="98.229">
    <system-out><![CDATA[opening the browser : chrome
user register succefully
Closing the browser : MOCK
]]></system-out>
    <system-err><![CDATA[Jul 28, 2023 10:51:44 AM org.openqa.selenium.remote.service.DriverService$Builder getLogOutput
INFO: Driver logs no longer sent to console by default; https://www.selenium.dev/documentation/webdriver/drivers/service/#setting-log-output
Jul 28, 2023 10:51:47 AM org.openqa.selenium.devtools.CdpVersionFinder findNearestMatch
WARNING: Unable to find an exact match for CDP version 115, so returning the closest version found: 114
]]></system-err>
  </testcase>
  <testcase name="runScenario[&quot;User log in with valid email and password&quot;, &quot;User could log in with valid email and password&quot;](2)" classname="Runners.TestRunner" time="14.075">
    <system-out><![CDATA[opening the browser : chrome
Navigate Login Page
user logged successfully
Closing the browser : MOCK
]]></system-out>
    <system-err><![CDATA[Jul 28, 2023 10:53:22 AM org.openqa.selenium.remote.service.DriverService$Builder getLogOutput
INFO: Driver logs no longer sent to console by default; https://www.selenium.dev/documentation/webdriver/drivers/service/#setting-log-output
Jul 28, 2023 10:53:23 AM org.openqa.selenium.devtools.CdpVersionFinder findNearestMatch
WARNING: Unable to find an exact match for CDP version 115, so returning the closest version found: 114
]]></system-err>
  </testcase>
  <testcase name="runScenario[&quot;User want to reset his/her password&quot;, &quot;SC3- User could reset his/her password successfully&quot;](3)" classname="Runners.TestRunner" time="16.827">
    <system-out><![CDATA[opening the browser : chrome
Password changed
Closing the browser : MOCK
]]></system-out>
    <system-err><![CDATA[Jul 28, 2023 10:53:36 AM org.openqa.selenium.remote.service.DriverService$Builder getLogOutput
INFO: Driver logs no longer sent to console by default; https://www.selenium.dev/documentation/webdriver/drivers/service/#setting-log-output
Jul 28, 2023 10:53:38 AM org.openqa.selenium.devtools.CdpVersionFinder findNearestMatch
WARNING: Unable to find an exact match for CDP version 115, so returning the closest version found: 114
]]></system-err>
  </testcase>
  <testcase name="runScenario[&quot;User search about product&quot;, &quot;SC4- Logged User could search for any product&quot;](4)" classname="Runners.TestRunner" time="22.753">
    <system-out><![CDATA[opening the browser : chrome
Closing the browser : MOCK
]]></system-out>
    <system-err><![CDATA[Jul 28, 2023 10:53:53 AM org.openqa.selenium.remote.service.DriverService$Builder getLogOutput
INFO: Driver logs no longer sent to console by default; https://www.selenium.dev/documentation/webdriver/drivers/service/#setting-log-output
Jul 28, 2023 10:53:55 AM org.openqa.selenium.devtools.CdpVersionFinder findNearestMatch
WARNING: Unable to find an exact match for CDP version 115, so returning the closest version found: 114
]]></system-err>
  </testcase>
  <testcase name="runScenario[&quot;Logged user select Category&quot;, &quot;SC5- Logged user could select different Categories&quot;](5)" classname="Runners.TestRunner" time="73.682">
    <system-out><![CDATA[opening the browser : chrome
Closing the browser : MOCK
]]></system-out>
    <system-err><![CDATA[Jul 28, 2023 10:54:16 AM org.openqa.selenium.remote.service.DriverService$Builder getLogOutput
INFO: Driver logs no longer sent to console by default; https://www.selenium.dev/documentation/webdriver/drivers/service/#setting-log-output
Jul 28, 2023 10:54:17 AM org.openqa.selenium.devtools.CdpVersionFinder findNearestMatch
WARNING: Unable to find an exact match for CDP version 115, so returning the closest version found: 114
]]></system-err>
  </testcase>
  <testcase name="runScenario[&quot;User filter selected item with color&quot;, &quot;SC6- Logged user could filter with color&quot;](6)" classname="Runners.TestRunner" time="24.615">
    <system-out><![CDATA[opening the browser : chrome
Closing the browser : MOCK
]]></system-out>
    <system-err><![CDATA[Jul 28, 2023 10:55:29 AM org.openqa.selenium.remote.service.DriverService$Builder getLogOutput
INFO: Driver logs no longer sent to console by default; https://www.selenium.dev/documentation/webdriver/drivers/service/#setting-log-output
Jul 28, 2023 10:55:31 AM org.openqa.selenium.devtools.CdpVersionFinder findNearestMatch
WARNING: Unable to find an exact match for CDP version 115, so returning the closest version found: 114
]]></system-err>
  </testcase>
  <testcase name="runScenario[&quot;User filter selected item with constructor&quot;, &quot;SC7- Logged user could filter with constructor&quot;](7)" classname="Runners.TestRunner" time="83.355">
    <system-out><![CDATA[opening the browser : chrome
Closing the browser : MOCK
]]></system-out>
    <system-err><![CDATA[Jul 28, 2023 10:55:54 AM org.openqa.selenium.remote.service.DriverService$Builder getLogOutput
INFO: Driver logs no longer sent to console by default; https://www.selenium.dev/documentation/webdriver/drivers/service/#setting-log-output
Jul 28, 2023 10:55:55 AM org.openqa.selenium.devtools.CdpVersionFinder findNearestMatch
WARNING: Unable to find an exact match for CDP version 115, so returning the closest version found: 114
]]></system-err>
  </testcase>
  <testcase name="runScenario[&quot;User try to add product to shopping cart&quot;, &quot;SC9- Logged user could add any product to Shopping cart&quot;](8)" classname="Runners.TestRunner" time="74.119">
    <failure message="no such element: Unable to locate element: {&quot;method&quot;:&quot;xpath&quot;,&quot;selector&quot;:&quot;/html/body/div[7]/div/div/div/div[2]/div/div/button&quot;}&#10;  (Session info: chrome=115.0.5790.110)&#10;For documentation on this error, please visit: https://www.selenium.dev/documentation/webdriver/troubleshooting/errors#no-such-element-exception&#10;Build info: version: &apos;4.10.0&apos;, revision: &apos;c14d967899&apos;&#10;System info: os.name: &apos;Windows 10&apos;, os.arch: &apos;amd64&apos;, os.version: &apos;10.0&apos;, java.version: &apos;11.0.19&apos;&#10;Driver info: org.openqa.selenium.chrome.ChromeDriver&#10;Command: [6c7664511ca00a6615d26cd649b1ecc3, findElement {using=xpath, value=/html/body/div[7]/div/div/div/div[2]/div/div/button}]&#10;Capabilities {acceptInsecureCerts: false, browserName: chrome, browserVersion: 115.0.5790.110, chrome: {chromedriverVersion: 114.0.5735.90 (386bc09e8f4f..., userDataDir: C:\Windows\SystemTemp\scope...}, goog:chromeOptions: {debuggerAddress: localhost:54358}, networkConnectionEnabled: false, pageLoadStrategy: normal, platformName: windows, proxy: Proxy(), se:cdp: ws://localhost:54358/devtoo..., se:cdpVersion: 115.0.5790.110, setWindowRect: true, strictFileInteractability: false, timeouts: {implicit: 0, pageLoad: 300000, script: 30000}, unhandledPromptBehavior: dismiss and notify, webauthn:extension:credBlob: true, webauthn:extension:largeBlob: true, webauthn:extension:minPinLength: true, webauthn:extension:prf: true, webauthn:virtualAuthenticators: true}&#10;Session ID: 6c7664511ca00a6615d26cd649b1ecc3" type="org.openqa.selenium.NoSuchElementException"><![CDATA[org.openqa.selenium.NoSuchElementException: 
no such element: Unable to locate element: {"method":"xpath","selector":"/html/body/div[7]/div/div/div/div[2]/div/div/button"}
  (Session info: chrome=115.0.5790.110)
For documentation on this error, please visit: https://www.selenium.dev/documentation/webdriver/troubleshooting/errors#no-such-element-exception
Build info: version: '4.10.0', revision: 'c14d967899'
System info: os.name: 'Windows 10', os.arch: 'amd64', os.version: '10.0', java.version: '11.0.19'
Driver info: org.openqa.selenium.chrome.ChromeDriver
Command: [6c7664511ca00a6615d26cd649b1ecc3, findElement {using=xpath, value=/html/body/div[7]/div/div/div/div[2]/div/div/button}]
Capabilities {acceptInsecureCerts: false, browserName: chrome, browserVersion: 115.0.5790.110, chrome: {chromedriverVersion: 114.0.5735.90 (386bc09e8f4f..., userDataDir: C:\Windows\SystemTemp\scope...}, goog:chromeOptions: {debuggerAddress: localhost:54358}, networkConnectionEnabled: false, pageLoadStrategy: normal, platformName: windows, proxy: Proxy(), se:cdp: ws://localhost:54358/devtoo..., se:cdpVersion: 115.0.5790.110, setWindowRect: true, strictFileInteractability: false, timeouts: {implicit: 0, pageLoad: 300000, script: 30000}, unhandledPromptBehavior: dismiss and notify, webauthn:extension:credBlob: true, webauthn:extension:largeBlob: true, webauthn:extension:minPinLength: true, webauthn:extension:prf: true, webauthn:virtualAuthenticators: true}
Session ID: 6c7664511ca00a6615d26cd649b1ecc3
	at java.base/jdk.internal.reflect.NativeConstructorAccessorImpl.newInstance0(Native Method)
	at java.base/jdk.internal.reflect.NativeConstructorAccessorImpl.newInstance(NativeConstructorAccessorImpl.java:62)
	at java.base/jdk.internal.reflect.DelegatingConstructorAccessorImpl.newInstance(DelegatingConstructorAccessorImpl.java:45)
	at java.base/java.lang.reflect.Constructor.newInstance(Constructor.java:490)
	at org.openqa.selenium.remote.codec.w3c.W3CHttpResponseCodec.createException(W3CHttpResponseCodec.java:199)
	at org.openqa.selenium.remote.codec.w3c.W3CHttpResponseCodec.decode(W3CHttpResponseCodec.java:132)
	at org.openqa.selenium.remote.codec.w3c.W3CHttpResponseCodec.decode(W3CHttpResponseCodec.java:51)
	at org.openqa.selenium.remote.HttpCommandExecutor.execute(HttpCommandExecutor.java:191)
	at org.openqa.selenium.remote.service.DriverCommandExecutor.invokeExecute(DriverCommandExecutor.java:196)
	at org.openqa.selenium.remote.service.DriverCommandExecutor.execute(DriverCommandExecutor.java:171)
	at org.openqa.selenium.remote.RemoteWebDriver.execute(RemoteWebDriver.java:531)
	at org.openqa.selenium.remote.ElementLocation$ElementFinder$2.findElement(ElementLocation.java:165)
	at org.openqa.selenium.remote.ElementLocation.findElement(ElementLocation.java:59)
	at org.openqa.selenium.remote.RemoteWebDriver.findElement(RemoteWebDriver.java:350)
	at org.openqa.selenium.remote.RemoteWebDriver.findElement(RemoteWebDriver.java:344)
	at Steps.C08_AddToCart.user_add_product_to_cart(C08_AddToCart.java:40)
	at ✽.User add product to cart(file:///C:/Users/Tayssir/IdeaProjects/cucumber/src/test/java/Features/SC08_AddToCart.feature:10)
]]></failure>
    <system-out><![CDATA[opening the browser : chrome
Closing the browser : MOCK
]]></system-out>
    <system-err><![CDATA[Jul 28, 2023 10:57:17 AM org.openqa.selenium.remote.service.DriverService$Builder getLogOutput
INFO: Driver logs no longer sent to console by default; https://www.selenium.dev/documentation/webdriver/drivers/service/#setting-log-output
Jul 28, 2023 10:57:19 AM org.openqa.selenium.devtools.CdpVersionFinder findNearestMatch
WARNING: Unable to find an exact match for CDP version 115, so returning the closest version found: 114
]]></system-err>
  </testcase>
  <testcase name="runScenario[&quot;User could be able to add products to Favorite list&quot;, &quot;SC09- Logged user could add different products to Favorite list&quot;](9)" classname="Runners.TestRunner" time="50.48">
    <system-out><![CDATA[opening the browser : chrome
Closing the browser : MOCK
]]></system-out>
    <system-err><![CDATA[Jul 28, 2023 10:58:32 AM org.openqa.selenium.remote.service.DriverService$Builder getLogOutput
INFO: Driver logs no longer sent to console by default; https://www.selenium.dev/documentation/webdriver/drivers/service/#setting-log-output
Jul 28, 2023 10:58:33 AM org.openqa.selenium.devtools.CdpVersionFinder findNearestMatch
WARNING: Unable to find an exact match for CDP version 115, so returning the closest version found: 114
]]></system-err>
  </testcase>
  <testcase name="runScenario[&quot;user try to compare multiple products&quot;, &quot;SC10- Logged user could add different products to compare list&quot;](10)" classname="Runners.TestRunner" time="52.252">
    <system-out><![CDATA[opening the browser : chrome
Closing the browser : MOCK
]]></system-out>
    <system-err><![CDATA[Jul 28, 2023 10:59:22 AM org.openqa.selenium.remote.service.DriverService$Builder getLogOutput
INFO: Driver logs no longer sent to console by default; https://www.selenium.dev/documentation/webdriver/drivers/service/#setting-log-output
Jul 28, 2023 10:59:23 AM org.openqa.selenium.devtools.CdpVersionFinder findNearestMatch
WARNING: Unable to find an exact match for CDP version 115, so returning the closest version found: 114
]]></system-err>
  </testcase>
  <testcase name="runScenario[&quot;User make an order&quot;, &quot;SC11- Create successful Order&quot;](11)" classname="Runners.TestRunner" time="18.757">
    <failure message="element click intercepted: Element &lt;a href=&quot;https://www.tunisianet.com.tn/529-mixeur-plongeant-tunisie&quot;&gt;...&lt;/a&gt; is not clickable at point (406, 257). Other element would receive the click: &lt;a href=&quot;https://www.tunisianet.com.tn/564-four-electrique-tunisie-micro-onde&quot;&gt;...&lt;/a&gt;&#10;  (Session info: chrome=115.0.5790.110)&#10;Build info: version: &apos;4.10.0&apos;, revision: &apos;c14d967899&apos;&#10;System info: os.name: &apos;Windows 10&apos;, os.arch: &apos;amd64&apos;, os.version: &apos;10.0&apos;, java.version: &apos;11.0.19&apos;&#10;Driver info: org.openqa.selenium.chrome.ChromeDriver&#10;Command: [dee0c62e9d7fd8f88bf4759624a1b0f7, clickElement {id=2DD498C2D54EFD70A7A0833D8BF08F6B_element_114}]&#10;Capabilities {acceptInsecureCerts: false, browserName: chrome, browserVersion: 115.0.5790.110, chrome: {chromedriverVersion: 114.0.5735.90 (386bc09e8f4f..., userDataDir: C:\Windows\SystemTemp\scope...}, goog:chromeOptions: {debuggerAddress: localhost:54502}, networkConnectionEnabled: false, pageLoadStrategy: normal, platformName: windows, proxy: Proxy(), se:cdp: ws://localhost:54502/devtoo..., se:cdpVersion: 115.0.5790.110, setWindowRect: true, strictFileInteractability: false, timeouts: {implicit: 0, pageLoad: 300000, script: 30000}, unhandledPromptBehavior: dismiss and notify, webauthn:extension:credBlob: true, webauthn:extension:largeBlob: true, webauthn:extension:minPinLength: true, webauthn:extension:prf: true, webauthn:virtualAuthenticators: true}&#10;Element: [[ChromeDriver: chrome on windows (dee0c62e9d7fd8f88bf4759624a1b0f7)] -&gt; css selector: ul[class=&quot;menu-content top-menu&quot;] a[href=&quot;https://www.tunisianet.com.tn/529-mixeur-plongeant-tunisie&quot;]]&#10;Session ID: dee0c62e9d7fd8f88bf4759624a1b0f7" type="org.openqa.selenium.ElementClickInterceptedException"><![CDATA[org.openqa.selenium.ElementClickInterceptedException: 
element click intercepted: Element <a href="https://www.tunisianet.com.tn/529-mixeur-plongeant-tunisie">...</a> is not clickable at point (406, 257). Other element would receive the click: <a href="https://www.tunisianet.com.tn/564-four-electrique-tunisie-micro-onde">...</a>
  (Session info: chrome=115.0.5790.110)
Build info: version: '4.10.0', revision: 'c14d967899'
System info: os.name: 'Windows 10', os.arch: 'amd64', os.version: '10.0', java.version: '11.0.19'
Driver info: org.openqa.selenium.chrome.ChromeDriver
Command: [dee0c62e9d7fd8f88bf4759624a1b0f7, clickElement {id=2DD498C2D54EFD70A7A0833D8BF08F6B_element_114}]
Capabilities {acceptInsecureCerts: false, browserName: chrome, browserVersion: 115.0.5790.110, chrome: {chromedriverVersion: 114.0.5735.90 (386bc09e8f4f..., userDataDir: C:\Windows\SystemTemp\scope...}, goog:chromeOptions: {debuggerAddress: localhost:54502}, networkConnectionEnabled: false, pageLoadStrategy: normal, platformName: windows, proxy: Proxy(), se:cdp: ws://localhost:54502/devtoo..., se:cdpVersion: 115.0.5790.110, setWindowRect: true, strictFileInteractability: false, timeouts: {implicit: 0, pageLoad: 300000, script: 30000}, unhandledPromptBehavior: dismiss and notify, webauthn:extension:credBlob: true, webauthn:extension:largeBlob: true, webauthn:extension:minPinLength: true, webauthn:extension:prf: true, webauthn:virtualAuthenticators: true}
Element: [[ChromeDriver: chrome on windows (dee0c62e9d7fd8f88bf4759624a1b0f7)] -> css selector: ul[class="menu-content top-menu"] a[href="https://www.tunisianet.com.tn/529-mixeur-plongeant-tunisie"]]
Session ID: dee0c62e9d7fd8f88bf4759624a1b0f7
	at java.base/jdk.internal.reflect.NativeConstructorAccessorImpl.newInstance0(Native Method)
	at java.base/jdk.internal.reflect.NativeConstructorAccessorImpl.newInstance(NativeConstructorAccessorImpl.java:62)
	at java.base/jdk.internal.reflect.DelegatingConstructorAccessorImpl.newInstance(DelegatingConstructorAccessorImpl.java:45)
	at java.base/java.lang.reflect.Constructor.newInstance(Constructor.java:490)
	at org.openqa.selenium.remote.codec.w3c.W3CHttpResponseCodec.createException(W3CHttpResponseCodec.java:199)
	at org.openqa.selenium.remote.codec.w3c.W3CHttpResponseCodec.decode(W3CHttpResponseCodec.java:132)
	at org.openqa.selenium.remote.codec.w3c.W3CHttpResponseCodec.decode(W3CHttpResponseCodec.java:51)
	at org.openqa.selenium.remote.HttpCommandExecutor.execute(HttpCommandExecutor.java:191)
	at org.openqa.selenium.remote.service.DriverCommandExecutor.invokeExecute(DriverCommandExecutor.java:196)
	at org.openqa.selenium.remote.service.DriverCommandExecutor.execute(DriverCommandExecutor.java:171)
	at org.openqa.selenium.remote.RemoteWebDriver.execute(RemoteWebDriver.java:531)
	at org.openqa.selenium.remote.RemoteWebElement.execute(RemoteWebElement.java:242)
	at org.openqa.selenium.remote.RemoteWebElement.click(RemoteWebElement.java:77)
	at Steps.C11_CreateOrder.addProducts(C11_CreateOrder.java:29)
	at ✽.User add products to cart(file:///C:/Users/Tayssir/IdeaProjects/cucumber/src/test/java/Features/SC11_CreateOrder.feature:7)
]]></failure>
    <system-out><![CDATA[opening the browser : chrome
Closing the browser : MOCK
]]></system-out>
    <system-err><![CDATA[Jul 28, 2023 11:00:14 AM org.openqa.selenium.remote.service.DriverService$Builder getLogOutput
INFO: Driver logs no longer sent to console by default; https://www.selenium.dev/documentation/webdriver/drivers/service/#setting-log-output
Jul 28, 2023 11:00:16 AM org.openqa.selenium.devtools.CdpVersionFinder findNearestMatch
WARNING: Unable to find an exact match for CDP version 115, so returning the closest version found: 114
]]></system-err>
  </testcase>
  <testcase name="runScenario[&quot;User opens facebook link&quot;, &quot;SC-12 User could have to follow the pages of website&quot;](12)" classname="Runners.TestRunner" time="41.872">
    <failure message="Index 1 out of bounds for length 1" type="java.lang.IndexOutOfBoundsException"><![CDATA[java.lang.IndexOutOfBoundsException: Index 1 out of bounds for length 1
	at java.base/jdk.internal.util.Preconditions.outOfBounds(Preconditions.java:64)
	at java.base/jdk.internal.util.Preconditions.outOfBoundsCheckIndex(Preconditions.java:70)
	at java.base/jdk.internal.util.Preconditions.checkIndex(Preconditions.java:248)
	at java.base/java.util.Objects.checkIndex(Objects.java:372)
	at java.base/java.util.ArrayList.get(ArrayList.java:459)
	at Steps.C12_FollowUs.userOpensFacebook(C12_FollowUs.java:31)
	at ✽.User opens facebook link(file:///C:/Users/Tayssir/IdeaProjects/cucumber/src/test/java/Features/SC12_FollowUs.feature:8)
]]></failure>
    <system-out><![CDATA[opening the browser : chrome
Closing the browser : MOCK
]]></system-out>
    <system-err><![CDATA[Jul 28, 2023 11:00:33 AM org.openqa.selenium.remote.service.DriverService$Builder getLogOutput
INFO: Driver logs no longer sent to console by default; https://www.selenium.dev/documentation/webdriver/drivers/service/#setting-log-output
Jul 28, 2023 11:00:34 AM org.openqa.selenium.devtools.CdpVersionFinder findNearestMatch
WARNING: Unable to find an exact match for CDP version 115, so returning the closest version found: 114
]]></system-err>
  </testcase>
  <testcase name="runScenario[&quot;User opens twitter link&quot;, &quot;SC-12 User could have to follow the pages of website&quot;](13)" classname="Runners.TestRunner" time="27.523">
    <system-out><![CDATA[opening the browser : chrome
Closing the browser : MOCK
]]></system-out>
    <system-err><![CDATA[Jul 28, 2023 11:01:15 AM org.openqa.selenium.remote.service.DriverService$Builder getLogOutput
INFO: Driver logs no longer sent to console by default; https://www.selenium.dev/documentation/webdriver/drivers/service/#setting-log-output
Jul 28, 2023 11:01:16 AM org.openqa.selenium.devtools.CdpVersionFinder findNearestMatch
WARNING: Unable to find an exact match for CDP version 115, so returning the closest version found: 114
]]></system-err>
  </testcase>
  <testcase name="runScenario[&quot;User opens pinterest link&quot;, &quot;SC-12 User could have to follow the pages of website&quot;](14)" classname="Runners.TestRunner" time="45.597">
    <system-out><![CDATA[opening the browser : chrome
Closing the browser : MOCK
]]></system-out>
    <system-err><![CDATA[Jul 28, 2023 11:01:42 AM org.openqa.selenium.remote.service.DriverService$Builder getLogOutput
INFO: Driver logs no longer sent to console by default; https://www.selenium.dev/documentation/webdriver/drivers/service/#setting-log-output
Jul 28, 2023 11:01:44 AM org.openqa.selenium.devtools.CdpVersionFinder findNearestMatch
WARNING: Unable to find an exact match for CDP version 115, so returning the closest version found: 114
]]></system-err>
  </testcase>
  <testcase name="runScenario[&quot;User opens youtube link&quot;, &quot;SC-12 User could have to follow the pages of website&quot;](15)" classname="Runners.TestRunner" time="64.439">
    <system-out><![CDATA[opening the browser : chrome
Closing the browser : MOCK
]]></system-out>
    <system-err><![CDATA[Jul 28, 2023 11:02:28 AM org.openqa.selenium.remote.service.DriverService$Builder getLogOutput
INFO: Driver logs no longer sent to console by default; https://www.selenium.dev/documentation/webdriver/drivers/service/#setting-log-output
Jul 28, 2023 11:02:29 AM org.openqa.selenium.devtools.CdpVersionFinder findNearestMatch
WARNING: Unable to find an exact match for CDP version 115, so returning the closest version found: 114
]]></system-err>
  </testcase>
  <testcase name="runScenario[&quot;User opens instagram link&quot;, &quot;SC-12 User could have to follow the pages of website&quot;](16)" classname="Runners.TestRunner" time="62.359">
    <system-out><![CDATA[opening the browser : chrome
Closing the browser : MOCK
]]></system-out>
    <system-err><![CDATA[Jul 28, 2023 11:03:32 AM org.openqa.selenium.remote.service.DriverService$Builder getLogOutput
INFO: Driver logs no longer sent to console by default; https://www.selenium.dev/documentation/webdriver/drivers/service/#setting-log-output
Jul 28, 2023 11:03:34 AM org.openqa.selenium.devtools.CdpVersionFinder findNearestMatch
WARNING: Unable to find an exact match for CDP version 115, so returning the closest version found: 114
]]></system-err>
  </testcase>
</testsuite>